epoch,accuracy,loss,lr,val_accuracy,val_loss
0,0.2722988426685333,4.295280933380127,1e-04,0.2120535671710968,8.156259536743164
1,0.32777097821235657,3.4966437816619873,1e-04,0.3924386203289032,3.1214680671691895
2,0.35842207074165344,2.988529682159424,1e-04,0.4292689859867096,2.636321783065796
3,0.3879210948944092,2.5690972805023193,1e-04,0.4384765625,2.305532217025757
4,0.41113632917404175,2.257509469985962,1e-04,0.4640066921710968,2.0123496055603027
5,0.4351195693016052,2.017423391342163,1e-04,0.4775390625,1.8316181898117065
6,0.45763659477233887,1.8336867094039917,1e-04,0.4905133843421936,1.6982203722000122
7,0.4781637191772461,1.692199945449829,1e-04,0.5265067219734192,1.5143146514892578
8,0.4925466775894165,1.5827648639678955,1e-04,0.5223214030265808,1.484405755996704
9,0.5108745098114014,1.4867808818817139,1e-04,0.5544084906578064,1.3601844310760498
10,0.5226741433143616,1.4197458028793335,1e-04,0.5671038031578064,1.3019828796386719
11,0.543759822845459,1.3540065288543701,1e-04,0.5675223469734192,1.2859870195388794
12,0.5565718412399292,1.3066703081130981,1e-04,0.5756138563156128,1.232606053352356
13,0.5719671845436096,1.2599178552627563,1e-04,0.5777064561843872,1.2170772552490234
14,0.5807994604110718,1.2256407737731934,1e-04,0.5912388563156128,1.185275673866272
15,0.5906789898872375,1.1913706064224243,1e-04,0.5930524468421936,1.1723692417144775
16,0.5980799198150635,1.1651877164840698,1e-04,0.5929129719734192,1.2134140729904175
17,0.6132309436798096,1.1310210227966309,1e-04,0.6039341688156128,1.15530264377594
18,0.6184674501419067,1.1100072860717773,1e-04,0.6022600531578064,1.1660621166229248
19,0.629638671875,1.083918809890747,1e-04,0.6184430718421936,1.1164131164550781
20,0.6388898491859436,1.055483341217041,1e-04,0.6226283311843872,1.113154649734497
21,0.6467795372009277,1.040908932685852,1e-04,0.6160714030265808,1.1227540969848633
22,0.658963143825531,1.0114665031433105,1e-04,0.6245814561843872,1.1047452688217163
23,0.6640600562095642,0.9903708100318909,1e-04,0.6258370280265808,1.0982688665390015
24,0.6732763051986694,0.9725505113601685,1e-04,0.6224888563156128,1.138344645500183
25,0.682213306427002,0.9491786360740662,1e-04,0.6259765625,1.1200755834579468
26,0.6903473734855652,0.9274446368217468,1e-04,0.6382533311843872,1.078912615776062
27,0.690871000289917,0.9158793091773987,1e-04,0.6326729655265808,1.1021225452423096
28,0.7045906782150269,0.8912511467933655,1e-04,0.6374163031578064,1.0838316679000854
29,0.7115727066993713,0.8741474151611328,1e-04,0.6346260905265808,1.1168644428253174
30,0.715133547782898,0.8597899079322815,1e-04,0.6365792155265808,1.1394565105438232
31,0.7239657640457153,0.8450338244438171,1e-04,0.6427176594734192,1.0840480327606201
32,0.7285041213035583,0.8293362259864807,1e-04,0.6376953125,1.0985864400863647
33,0.7375109195709229,0.8104235529899597,1e-04,0.6456473469734192,1.114096999168396
34,0.7389073371887207,0.7938151359558105,1e-04,0.6471819281578064,1.1338247060775757
35,0.744388222694397,0.7833887338638306,1e-04,0.6435546875,1.1298476457595825
36,0.7525222301483154,0.766514003276825,1e-04,0.6510881781578064,1.1551803350448608
37,0.7561529278755188,0.7514914274215698,1e-04,0.646484375,1.1755057573318481
38,0.7634491324424744,0.7381600141525269,1e-04,0.6538783311843872,1.1495829820632935
39,0.7682667374610901,0.7243923544883728,1e-04,0.6354631781578064,1.2207289934158325
40,0.7726653814315796,0.7150125503540039,1e-04,0.6402064561843872,1.1643898487091064
41,0.7722813487052917,0.7101107239723206,1e-04,0.6505301594734192,1.1472047567367554
42,0.7778670191764832,0.6966536045074463,1e-04,0.6487165093421936,1.1478904485702515
43,0.7856519222259521,0.6792967319488525,1e-04,0.6502510905265808,1.1999164819717407
44,0.7901204228401184,0.6651436686515808,1e-04,0.6586216688156128,1.1798951625823975
45,0.7925641536712646,0.6647630929946899,1e-04,0.6558314561843872,1.1499351263046265
46,0.7944144010543823,0.6539584398269653,1e-04,0.6411830186843872,1.2289197444915771
47,0.7979053854942322,0.6436262726783752,1e-04,0.6495535969734192,1.2175111770629883
48,0.8018502593040466,0.631268322467804,1e-04,0.6411830186843872,1.2151275873184204
49,0.8018502593040466,0.6285942196846008,1e-04,0.6509486436843872,1.2280328273773193
50,0.8092511892318726,0.611539900302887,1e-04,0.654296875,1.2031317949295044
51,0.8285215497016907,0.5654179453849792,2e-05,0.6575055718421936,1.1968715190887451
52,0.8381916284561157,0.5364107489585876,2e-05,0.6595982313156128,1.21491277217865
53,0.8422062993049622,0.5226567983627319,2e-05,0.6628069281578064,1.2105242013931274
54,0.8430790901184082,0.5207251310348511,2e-05,0.6655970811843872,1.2285953760147095
55,0.847198486328125,0.5121117234230042,2e-05,0.6639229655265808,1.2028379440307617
56,0.8462908267974854,0.5070704221725464,2e-05,0.6619698405265808,1.2048932313919067
57,0.850235641002655,0.4954836964607239,2e-05,0.6647600531578064,1.2173336744308472
58,0.8511083722114563,0.4915758967399597,2e-05,0.669921875,1.2098162174224854
59,0.8562401533126831,0.4850432276725769,2e-05,0.6598772406578064,1.237581491470337
60,0.8564496636390686,0.47796493768692017,2e-05,0.6661551594734192,1.234370470046997
61,0.8593471646308899,0.47508618235588074,2e-05,0.6678292155265808,1.2212680578231812
62,0.859521746635437,0.46644964814186096,2e-05,0.6664341688156128,1.2248739004135132
63,0.8613370656967163,0.46974772214889526,2e-05,0.6695033311843872,1.2529276609420776
64,0.8625938296318054,0.46179336309432983,2e-05,0.6675502061843872,1.2386711835861206
65,0.8661895394325256,0.454720675945282,4e-06,0.6676897406578064,1.2462612390518188
66,0.8700296878814697,0.44217759370803833,4e-06,0.6681082844734192,1.2517081499099731
67,0.8675859570503235,0.44680851697921753,4e-06,0.6692243218421936,1.2432721853256226
68,0.8663641214370728,0.446078896522522,4e-06,0.6674107313156128,1.248517632484436
69,0.872543215751648,0.4354040324687958,4e-06,0.6686663031578064,1.247211217880249
70,0.8694711327552795,0.43792659044265747,4e-06,0.66796875,1.246278166770935
71,0.8710420727729797,0.43644627928733826,8e-07,0.6692243218421936,1.2449820041656494
72,0.8725082874298096,0.43277281522750854,8e-07,0.6682477593421936,1.2500334978103638
73,0.8727177381515503,0.4314340651035309,8e-07,0.6685267686843872,1.2509315013885498
74,0.8718799352645874,0.4318303167819977,8e-07,0.6676897406578064,1.2510449886322021
75,0.8735905289649963,0.4284369647502899,8e-07,0.6683872938156128,1.2495404481887817
76,0.8701344132423401,0.4406891465187073,8e-07,0.6686663031578064,1.251150369644165
77,0.8736603260040283,0.4303995668888092,1.6e-07,0.6688057780265808,1.2488478422164917
78,0.8723337650299072,0.433660626411438,1.6e-07,0.6692243218421936,1.250722885131836
79,0.8713562488555908,0.43782204389572144,1.6e-07,0.6692243218421936,1.2507047653198242
80,0.8702740669250488,0.4367235004901886,1.6e-07,0.6685267686843872,1.2489575147628784
81,0.8756152987480164,0.43007248640060425,1.6e-07,0.6683872938156128,1.252349615097046
82,0.8722290396690369,0.43331846594810486,1.6e-07,0.66796875,1.2528334856033325
83,0.8720195293426514,0.43139079213142395,3.2e-08,0.66796875,1.2512956857681274
84,0.8729970455169678,0.4300970137119293,3.2e-08,0.6682477593421936,1.2508262395858765
85,0.8733112215995789,0.4327263832092285,3.2e-08,0.6678292155265808,1.2527183294296265
86,0.8729621171951294,0.4328783452510834,3.2e-08,0.6682477593421936,1.2509645223617554
87,0.8759993314743042,0.42723777890205383,3.2e-08,0.6678292155265808,1.2531462907791138
88,0.8702042102813721,0.4357898533344269,3.2e-08,0.6672711968421936,1.2514734268188477
89,0.8726130127906799,0.43065762519836426,6.3999996e-09,0.6675502061843872,1.2509723901748657
90,0.8707976937294006,0.43253806233406067,6.3999996e-09,0.6681082844734192,1.249938726425171
91,0.8756152987480164,0.42787840962409973,6.3999996e-09,0.6683872938156128,1.2503889799118042
92,0.872787594795227,0.4344625473022461,6.3999996e-09,0.6675502061843872,1.2510863542556763
93,0.8710071444511414,0.4299510717391968,6.3999996e-09,0.6683872938156128,1.2514116764068604
94,0.8701344132423401,0.43615686893463135,6.3999996e-09,0.66796875,1.2503410577774048
95,0.872857391834259,0.4327908456325531,1.2799999e-09,0.6681082844734192,1.2503948211669922
96,0.8740792274475098,0.43202948570251465,1.2799999e-09,0.6674107313156128,1.2512272596359253
97,0.872857391834259,0.43573105335235596,1.2799999e-09,0.6683872938156128,1.2498805522918701
98,0.8714959025382996,0.4377686083316803,1.2799999e-09,0.6678292155265808,1.2507520914077759
99,0.8721591830253601,0.43424227833747864,1.2799999e-09,0.6678292155265808,1.2518928050994873
100,0.874498188495636,0.432964563369751,1.2799999e-09,0.6683872938156128,1.2518608570098877
101,0.8752312660217285,0.43443962931632996,2.5599997e-10,0.6676897406578064,1.251477837562561
102,0.8711467981338501,0.43681424856185913,2.5599997e-10,0.6678292155265808,1.2517154216766357
103,0.8746029138565063,0.42877307534217834,2.5599997e-10,0.6681082844734192,1.2515655755996704
104,0.8697155117988586,0.4336085915565491,2.5599997e-10,0.6675502061843872,1.2518478631973267
105,0.8727177381515503,0.43747663497924805,2.5599997e-10,0.6674107313156128,1.2522443532943726
106,0.8742886781692505,0.429625928401947,2.5599997e-10,0.6683872938156128,1.2523900270462036
107,0.8698551058769226,0.43383917212486267,5.1199996e-11,0.66796875,1.2520819902420044
108,0.873869776725769,0.43018680810928345,5.1199996e-11,0.6681082844734192,1.2521889209747314
109,0.8687379956245422,0.43747419118881226,5.1199996e-11,0.6682477593421936,1.250631332397461
110,0.8747774362564087,0.42938125133514404,5.1199996e-11,0.6678292155265808,1.2503241300582886
111,0.8721242547035217,0.43582335114479065,5.1199996e-11,0.6674107313156128,1.2521687746047974
112,0.8716704249382019,0.4292786717414856,5.1199996e-11,0.6682477593421936,1.2519901990890503
113,0.8731017708778381,0.4311145544052124,1.0239999e-11,0.6675502061843872,1.2522523403167725
114,0.8728224635124207,0.43127989768981934,1.0239999e-11,0.6678292155265808,1.2515305280685425
115,0.8719497323036194,0.4333972930908203,1.0239999e-11,0.6686663031578064,1.2509982585906982
116,0.8718100786209106,0.4312979578971863,1.0239999e-11,0.6681082844734192,1.2516462802886963
117,0.8739745020866394,0.43446069955825806,1.0239999e-11,0.6676897406578064,1.251625657081604
118,0.8695758581161499,0.43510177731513977,1.0239999e-11,0.6681082844734192,1.2511094808578491
119,0.8739745020866394,0.43107372522354126,2.0479998e-12,0.6678292155265808,1.2509006261825562
120,0.8742538094520569,0.4345006048679352,2.0479998e-12,0.6683872938156128,1.2514619827270508
121,0.8711817264556885,0.43723610043525696,2.0479998e-12,0.66796875,1.2512682676315308
122,0.8730668425559998,0.43126529455184937,2.0479998e-12,0.6681082844734192,1.2513481378555298
123,0.8724384903907776,0.4344826638698578,2.0479998e-12,0.6674107313156128,1.2515910863876343
124,0.8709373474121094,0.4342140555381775,2.0479998e-12,0.6678292155265808,1.251362681388855
125,0.8726828694343567,0.42892029881477356,4.0959995e-13,0.6682477593421936,1.2527830600738525
126,0.871845006942749,0.4310390055179596,4.0959995e-13,0.6676897406578064,1.2523572444915771
127,0.8721242547035217,0.43380844593048096,4.0959995e-13,0.6682477593421936,1.2506040334701538
128,0.8728224635124207,0.43412524461746216,4.0959995e-13,0.6678292155265808,1.2524608373641968
129,0.8735905289649963,0.43420371413230896,4.0959995e-13,0.6676897406578064,1.2521361112594604
130,0.8714609742164612,0.4333238899707794,4.0959995e-13,0.6676897406578064,1.2521648406982422
131,0.8760342001914978,0.4324151873588562,8.191999e-14,0.6675502061843872,1.2515170574188232
132,0.8710071444511414,0.4389435052871704,8.191999e-14,0.66796875,1.2500799894332886
133,0.8714609742164612,0.43457457423210144,8.191999e-14,0.6681082844734192,1.2519279718399048
134,0.8707278966903687,0.43480825424194336,8.191999e-14,0.6675502061843872,1.2530953884124756
135,0.874567985534668,0.4311016798019409,8.191999e-14,0.6678292155265808,1.2511717081069946
136,0.8733810186386108,0.4367082417011261,8.191999e-14,0.6681082844734192,1.2523826360702515
137,0.8700994849205017,0.43617233633995056,1.6383999e-14,0.66796875,1.2519216537475586
138,0.8714261054992676,0.43278729915618896,1.6383999e-14,0.6681082844734192,1.251967430114746
139,0.8714261054992676,0.4337611794471741,1.6383999e-14,0.6685267686843872,1.2488926649093628
140,0.8743934631347656,0.43218663334846497,1.6383999e-14,0.6685267686843872,1.250718116760254
141,0.8724035620689392,0.4296756684780121,1.6383999e-14,0.6683872938156128,1.251662254333496
142,0.8718100786209106,0.43548843264579773,1.6383999e-14,0.66796875,1.2508366107940674
143,0.8753359913825989,0.42688634991645813,3.2768e-15,0.66796875,1.249106526374817
144,0.8700296878814697,0.4368346631526947,3.2768e-15,0.6676897406578064,1.2521426677703857
145,0.8687030673027039,0.4402496814727783,3.2768e-15,0.6681082844734192,1.251707911491394
146,0.873485803604126,0.42834410071372986,3.2768e-15,0.6678292155265808,1.2508586645126343
147,0.8735206723213196,0.4281514883041382,3.2768e-15,0.6678292155265808,1.2522152662277222
148,0.8739745020866394,0.42812228202819824,3.2768e-15,0.6675502061843872,1.2498300075531006
149,0.8734159469604492,0.42657026648521423,6.5536e-16,0.66796875,1.2506967782974243
